[2012-12-26 16:31:17,345][INFO ][org.eclipse.jetty.util.log] jetty-7.2.2.v20101205
[2012-12-26 16:31:17,393][INFO ][org.eclipse.jetty.util.log] Started SelectChannelConnector@0.0.0.0:9500
[2012-12-26 16:31:50,409][INFO ][org.hibernate.annotations.common.Version] HCANN000001: Hibernate Commons Annotations {4.0.1.Final}
[2012-12-26 16:31:50,420][INFO ][org.hibernate.Version    ] HHH000412: Hibernate Core {4.1.3.Final}
[2012-12-26 16:31:50,423][INFO ][org.hibernate.cfg.Environment] HHH000206: hibernate.properties not found
[2012-12-26 16:31:50,425][INFO ][org.hibernate.cfg.Environment] HHH000021: Bytecode provider name : javassist
[2012-12-26 16:31:50,888][WARN ][org.hibernate.service.jdbc.connections.internal.ConnectionProviderInitiator] HHH000022: c3p0 properties were encountered, but the org.hibernate.service.jdbc.connections.internal.C3P0ConnectionProvider provider class was not found on the classpath; these properties are going to be ignored.
[2012-12-26 16:31:50,889][INFO ][org.hibernate.service.jdbc.connections.internal.DriverManagerConnectionProviderImpl] HHH000402: Using Hibernate built-in connection pool (not for production use!)
[2012-12-26 16:31:50,889][INFO ][org.hibernate.service.jdbc.connections.internal.DriverManagerConnectionProviderImpl] HHH000115: Hibernate connection pool size: 20
[2012-12-26 16:31:50,889][INFO ][org.hibernate.service.jdbc.connections.internal.DriverManagerConnectionProviderImpl] HHH000006: Autocommit mode: true
[2012-12-26 16:31:50,889][INFO ][org.hibernate.service.jdbc.connections.internal.DriverManagerConnectionProviderImpl] HHH000401: using driver [com.mysql.jdbc.Driver] at URL [jdbc:mysql://127.0.0.1/wow]
[2012-12-26 16:31:50,890][INFO ][org.hibernate.service.jdbc.connections.internal.DriverManagerConnectionProviderImpl] HHH000046: Connection properties: {user=root, password=****, autocommit=true, release_mode=auto}
[2012-12-26 16:31:50,962][INFO ][org.hibernate.dialect.Dialect] HHH000400: Using dialect: org.hibernate.dialect.MySQLDialect
[2012-12-26 16:31:50,979][INFO ][org.hibernate.engine.jdbc.internal.LobCreatorBuilder] HHH000423: Disabling contextual LOB creation as JDBC driver reported JDBC version [3] less than 4
[2012-12-26 16:31:50,991][INFO ][org.hibernate.engine.transaction.internal.TransactionFactoryInitiator] HHH000268: Transaction strategy: org.hibernate.engine.transaction.internal.jdbc.JdbcTransactionFactory
[2012-12-26 16:31:50,996][INFO ][org.hibernate.hql.internal.ast.ASTQueryTranslatorFactory] HHH000397: Using ASTQueryTranslatorFactory
[2012-12-26 16:33:33,956][INFO ][org.eclipse.jetty.util.log] jetty-7.2.2.v20101205
[2012-12-26 16:33:33,990][INFO ][org.eclipse.jetty.util.log] Started SelectChannelConnector@0.0.0.0:9500
[2012-12-26 16:33:35,107][INFO ][org.hibernate.annotations.common.Version] HCANN000001: Hibernate Commons Annotations {4.0.1.Final}
[2012-12-26 16:33:35,113][INFO ][org.hibernate.Version    ] HHH000412: Hibernate Core {4.1.3.Final}
[2012-12-26 16:33:35,115][INFO ][org.hibernate.cfg.Environment] HHH000206: hibernate.properties not found
[2012-12-26 16:33:35,117][INFO ][org.hibernate.cfg.Environment] HHH000021: Bytecode provider name : javassist
[2012-12-26 16:33:35,453][WARN ][org.hibernate.service.jdbc.connections.internal.ConnectionProviderInitiator] HHH000022: c3p0 properties were encountered, but the org.hibernate.service.jdbc.connections.internal.C3P0ConnectionProvider provider class was not found on the classpath; these properties are going to be ignored.
[2012-12-26 16:33:35,454][INFO ][org.hibernate.service.jdbc.connections.internal.DriverManagerConnectionProviderImpl] HHH000402: Using Hibernate built-in connection pool (not for production use!)
[2012-12-26 16:33:35,454][INFO ][org.hibernate.service.jdbc.connections.internal.DriverManagerConnectionProviderImpl] HHH000115: Hibernate connection pool size: 20
[2012-12-26 16:33:35,454][INFO ][org.hibernate.service.jdbc.connections.internal.DriverManagerConnectionProviderImpl] HHH000006: Autocommit mode: true
[2012-12-26 16:33:35,455][INFO ][org.hibernate.service.jdbc.connections.internal.DriverManagerConnectionProviderImpl] HHH000401: using driver [com.mysql.jdbc.Driver] at URL [jdbc:mysql://127.0.0.1/wow]
[2012-12-26 16:33:35,455][INFO ][org.hibernate.service.jdbc.connections.internal.DriverManagerConnectionProviderImpl] HHH000046: Connection properties: {user=root, password=****, autocommit=true, release_mode=auto}
[2012-12-26 16:33:35,514][INFO ][org.hibernate.dialect.Dialect] HHH000400: Using dialect: org.hibernate.dialect.MySQLDialect
[2012-12-26 16:33:35,524][INFO ][org.hibernate.engine.jdbc.internal.LobCreatorBuilder] HHH000423: Disabling contextual LOB creation as JDBC driver reported JDBC version [3] less than 4
[2012-12-26 16:33:35,535][INFO ][org.hibernate.engine.transaction.internal.TransactionFactoryInitiator] HHH000268: Transaction strategy: org.hibernate.engine.transaction.internal.jdbc.JdbcTransactionFactory
[2012-12-26 16:33:35,539][INFO ][org.hibernate.hql.internal.ast.ASTQueryTranslatorFactory] HHH000397: Using ASTQueryTranslatorFactory
[2012-12-26 16:33:36,034][WARN ][org.hibernate.engine.jdbc.spi.SqlExceptionHelper] SQL Error: 1062, SQLState: 23000
[2012-12-26 16:33:36,034][ERROR][org.hibernate.engine.jdbc.spi.SqlExceptionHelper] Duplicate entry 'java' for key 'name'
[2012-12-26 16:37:53,080][INFO ][org.eclipse.jetty.util.log] jetty-7.2.2.v20101205
[2012-12-26 16:37:53,113][INFO ][org.eclipse.jetty.util.log] Started SelectChannelConnector@0.0.0.0:9500
[2012-12-26 16:38:03,907][INFO ][org.hibernate.annotations.common.Version] HCANN000001: Hibernate Commons Annotations {4.0.1.Final}
[2012-12-26 16:38:03,913][INFO ][org.hibernate.Version    ] HHH000412: Hibernate Core {4.1.3.Final}
[2012-12-26 16:38:03,915][INFO ][org.hibernate.cfg.Environment] HHH000206: hibernate.properties not found
[2012-12-26 16:38:03,917][INFO ][org.hibernate.cfg.Environment] HHH000021: Bytecode provider name : javassist
[2012-12-26 16:38:04,250][WARN ][org.hibernate.service.jdbc.connections.internal.ConnectionProviderInitiator] HHH000022: c3p0 properties were encountered, but the org.hibernate.service.jdbc.connections.internal.C3P0ConnectionProvider provider class was not found on the classpath; these properties are going to be ignored.
[2012-12-26 16:38:04,251][INFO ][org.hibernate.service.jdbc.connections.internal.DriverManagerConnectionProviderImpl] HHH000402: Using Hibernate built-in connection pool (not for production use!)
[2012-12-26 16:38:04,251][INFO ][org.hibernate.service.jdbc.connections.internal.DriverManagerConnectionProviderImpl] HHH000115: Hibernate connection pool size: 20
[2012-12-26 16:38:04,251][INFO ][org.hibernate.service.jdbc.connections.internal.DriverManagerConnectionProviderImpl] HHH000006: Autocommit mode: true
[2012-12-26 16:38:04,252][INFO ][org.hibernate.service.jdbc.connections.internal.DriverManagerConnectionProviderImpl] HHH000401: using driver [com.mysql.jdbc.Driver] at URL [jdbc:mysql://127.0.0.1/wow]
[2012-12-26 16:38:04,252][INFO ][org.hibernate.service.jdbc.connections.internal.DriverManagerConnectionProviderImpl] HHH000046: Connection properties: {user=root, password=****, autocommit=true, release_mode=auto}
[2012-12-26 16:38:04,312][INFO ][org.hibernate.dialect.Dialect] HHH000400: Using dialect: org.hibernate.dialect.MySQLDialect
[2012-12-26 16:38:04,322][INFO ][org.hibernate.engine.jdbc.internal.LobCreatorBuilder] HHH000423: Disabling contextual LOB creation as JDBC driver reported JDBC version [3] less than 4
[2012-12-26 16:38:04,333][INFO ][org.hibernate.engine.transaction.internal.TransactionFactoryInitiator] HHH000268: Transaction strategy: org.hibernate.engine.transaction.internal.jdbc.JdbcTransactionFactory
[2012-12-26 16:38:04,339][INFO ][org.hibernate.hql.internal.ast.ASTQueryTranslatorFactory] HHH000397: Using ASTQueryTranslatorFactory
[2012-12-26 16:38:09,421][WARN ][org.hibernate.engine.jdbc.spi.SqlExceptionHelper] SQL Error: 1062, SQLState: 23000
[2012-12-26 16:38:09,421][ERROR][org.hibernate.engine.jdbc.spi.SqlExceptionHelper] Duplicate entry 'java' for key 'name'
